<?xml version="1.0" encoding="UTF-8"?>
<testng-results skipped="0" failed="0" total="6" passed="6">
  <reporter-output>
  </reporter-output>
  <suite name="pratyushaSuite" duration-ms="37204" started-at="2019-02-26T02:57:39Z" finished-at="2019-02-26T02:58:16Z">
    <groups>
    </groups>
    <test name="pratyushaTest" duration-ms="37204" started-at="2019-02-26T02:57:39Z" finished-at="2019-02-26T02:58:16Z">
      <class name="myPack.Pratyusha">
        <test-method status="PASS" signature="addEmp()[pri:0, instance:myPack.Pratyusha@11baa65]" name="addEmp" duration-ms="28154" started-at="2019-02-26T08:27:39Z" finished-at="2019-02-26T08:28:07Z">
          <reporter-output>
          </reporter-output>
        </test-method> <!-- addEmp -->
        <test-method status="PASS" signature="deleteEmp()[pri:0, instance:myPack.Pratyusha@11baa65]" name="deleteEmp" duration-ms="0" started-at="2019-02-26T08:28:07Z" finished-at="2019-02-26T08:28:07Z">
          <reporter-output>
          </reporter-output>
        </test-method> <!-- deleteEmp -->
        <test-method status="PASS" signature="addLocation()[pri:0, instance:myPack.Pratyusha@11baa65]" name="addLocation" duration-ms="0" started-at="2019-02-26T08:28:07Z" finished-at="2019-02-26T08:28:07Z">
          <reporter-output>
          </reporter-output>
        </test-method> <!-- addLocation -->
        <test-method status="PASS" signature="editEmp()[pri:0, instance:myPack.Pratyusha@11baa65]" name="editEmp" duration-ms="0" started-at="2019-02-26T08:28:07Z" finished-at="2019-02-26T08:28:07Z">
          <reporter-output>
          </reporter-output>
        </test-method> <!-- editEmp -->
        <test-method status="PASS" signature="editLocation()[pri:0, instance:myPack.Pratyusha@11baa65]" name="editLocation" duration-ms="0" started-at="2019-02-26T08:28:07Z" finished-at="2019-02-26T08:28:07Z">
          <reporter-output>
          </reporter-output>
        </test-method> <!-- editLocation -->
        <test-method status="PASS" signature="verifyLogin()[pri:0, instance:myPack.Pratyusha@11baa65]" name="verifyLogin" duration-ms="9040" started-at="2019-02-26T08:28:07Z" finished-at="2019-02-26T08:28:16Z">
          <reporter-output>
          </reporter-output>
        </test-method> <!-- verifyLogin -->
      </class> <!-- myPack.Pratyusha -->
    </test> <!-- pratyushaTest -->
  </suite> <!-- pratyushaSuite -->
</testng-results>
