<?xml version="1.0" encoding="UTF-8"?>
<!-- Generated by org.testng.reporters.JUnitXMLReporter -->
<testsuite hostname="QAPLANET-PC" name="pratyushaTest" tests="6" failures="0" timestamp="26 Feb 2019 02:58:16 GMT" time="37.204" errors="0">
  <testcase name="addEmp" time="28.154" classname="myPack.Pratyusha"/>
  <testcase name="addLocation" time="0.0" classname="myPack.Pratyusha"/>
  <testcase name="deleteEmp" time="0.0" classname="myPack.Pratyusha"/>
  <testcase name="editEmp" time="0.0" classname="myPack.Pratyusha"/>
  <testcase name="editLocation" time="0.0" classname="myPack.Pratyusha"/>
  <testcase name="verifyLogin" time="9.04" classname="myPack.Pratyusha"/>
</testsuite> <!-- pratyushaTest -->
